<?xml version="1.0" encoding="UTF-8"?>
<testsuites name="todoapp" time="15.927" tests="1" failures="0" errors="0">
   <testsuite name="todoapp" tests="1" failures="0" errors="0" time="15.927" timestamp="2020-06-02 04:05:58" hostname="root - 94fab151abc8" id="Test Suites/todoapp">
      <properties>
         <property name="deviceName" value=""/>
         <property name="devicePlatform" value=""/>
         <property name="logFolder" value="/tmp/katalon_execute/project/Reports/20200602_040554/todoapp/20200602_040554"/>
         <property name="logFiles" value="/tmp/katalon_execute/project/Reports/20200602_040554/todoapp/20200602_040554/execution0.log"/>
         <property name="attachments" value=""/>
         <property name="hostName" value="root - 94fab151abc8"/>
         <property name="os" value="Linux 64bit"/>
         <property name="katalonVersion" value="7.4.2.1"/>
         <property name="browser" value="Chrome 81.0.4044.129"/>
         <property name="hostAddress" value="172.17.0.3"/>
         <property name="sessionId" value="68100e6a49eae361f2837e2fe629c04e"/>
         <property name="seleniumVersion" value="3.141.59"/>
         <property name="proxyInformation" value="ProxyInformation{proxyOption=NO_PROXY, proxyServerType=HTTP, username=, password=******, proxyServerAddress=, proxyServerPort=0, exceptionList=}"/>
         <property name="platform" value="Linux"/>
      </properties>
      <testcase name="Test Cases/todoapp-test" time="15.029" classname="Test Cases/todoapp-test" status="PASSED">
         <system-out><![CDATA[2020-06-02 04:05:58 - [TEST_CASE][PASSED] - Test Cases/todoapp-test: Test Cases/todoapp-test

2020-06-02 04:05:59 - [TEST_STEP][PASSED] - openBrowser(""): Browser is opened with url: ''

2020-06-02 04:06:00 - [MESSAGE][INFO] - Starting 'Chrome' driver

2020-06-02 04:06:00 - [MESSAGE][INFO] - Action delay is set to 0 milliseconds

2020-06-02 04:06:07 - [MESSAGE][PASSED] - Browser is opened with url: ''

2020-06-02 04:06:07 - [TEST_STEP][PASSED] - navigateToUrl("http://a76b50877cf1c11e9af7c0a6a4a42d3b-1168106156.ap-southeast-1.elb.amazonaws.com:8085/"): Navigate to 'http://a76b50877cf1c11e9af7c0a6a4a42d3b-1168106156.ap-southeast-1.elb.amazonaws.com:8085/' successfully

2020-06-02 04:06:09 - [MESSAGE][PASSED] - Navigate to 'http://a76b50877cf1c11e9af7c0a6a4a42d3b-1168106156.ap-southeast-1.elb.amazonaws.com:8085/' successfully

2020-06-02 04:06:09 - [TEST_STEP][PASSED] - setText(findTestObject("Object Repository/Page_AngularFrontend/input_title"), "hello world"): Text 'hello world' is set on object 'Object Repository/Page_AngularFrontend/input_title'

2020-06-02 04:06:10 - [MESSAGE][PASSED] - Text 'hello world' is set on object 'Object Repository/Page_AngularFrontend/input_title'

2020-06-02 04:06:10 - [TEST_STEP][PASSED] - sendKeys(findTestObject("Object Repository/Page_AngularFrontend/input_title"), Keys.chord(ENTER)): Keys 'ENTER + ' sent to object: 'Object Repository/Page_AngularFrontend/input_title'

2020-06-02 04:06:11 - [MESSAGE][PASSED] - Keys 'ENTER + ' sent to object: 'Object Repository/Page_AngularFrontend/input_title'

2020-06-02 04:06:11 - [TEST_STEP][PASSED] - click(findTestObject("Object Repository/Page_AngularFrontend/click_tick")): Object: 'Object Repository/Page_AngularFrontend/click_tick' is clicked on

2020-06-02 04:06:11 - [MESSAGE][PASSED] - Object: 'Object Repository/Page_AngularFrontend/click_tick' is clicked on

2020-06-02 04:06:11 - [TEST_STEP][PASSED] - click(findTestObject("Object Repository/Page_AngularFrontend/click_edit")): Object: 'Object Repository/Page_AngularFrontend/click_edit' is clicked on

2020-06-02 04:06:12 - [MESSAGE][PASSED] - Object: 'Object Repository/Page_AngularFrontend/click_edit' is clicked on

2020-06-02 04:06:12 - [TEST_STEP][PASSED] - setText(findTestObject("Object Repository/Page_AngularFrontend/input_edit"), "hello world 123"): Text 'hello world 123' is set on object 'Object Repository/Page_AngularFrontend/input_edit'

2020-06-02 04:06:13 - [MESSAGE][PASSED] - Text 'hello world 123' is set on object 'Object Repository/Page_AngularFrontend/input_edit'

2020-06-02 04:06:13 - [TEST_STEP][PASSED] - click(findTestObject("Object Repository/Page_AngularFrontend/click_done")): Object: 'Object Repository/Page_AngularFrontend/click_done' is clicked on

2020-06-02 04:06:13 - [MESSAGE][PASSED] - Object: 'Object Repository/Page_AngularFrontend/click_done' is clicked on

2020-06-02 04:06:13 - [TEST_STEP][PASSED] - click(findTestObject("Object Repository/Page_AngularFrontend/click_undo_tick")): Object: 'Object Repository/Page_AngularFrontend/click_undo_tick' is clicked on

2020-06-02 04:06:13 - [MESSAGE][PASSED] - Object: 'Object Repository/Page_AngularFrontend/click_undo_tick' is clicked on

2020-06-02 04:06:13 - [TEST_STEP][PASSED] - closeBrowser(): Browser is closed

2020-06-02 04:06:13 - [MESSAGE][PASSED] - Browser is closed]]></system-out>
         <system-err><![CDATA[]]></system-err>
      </testcase>
      <system-out><![CDATA[2020-06-02 04:05:58 - [TEST_SUITE][PASSED] - todoapp: Test Cases/todoapp-test]]></system-out>
      <system-err><![CDATA[]]></system-err>
   </testsuite>
</testsuites>
