<?xml version="1.0" encoding="UTF-8"?>
<testsuites name="todoapp" time="14.982" tests="1" failures="0" errors="0">
   <testsuite name="todoapp" tests="1" failures="0" errors="0" time="14.982" timestamp="2020-06-02 11:55:52" hostname="yiklongchui - 10.192.2.23" id="Test Suites/todoapp">
      <properties>
         <property name="deviceName" value=""/>
         <property name="devicePlatform" value=""/>
         <property name="logFolder" value="/Users/yiklongchui/Katalon Studio/todoapp/Reports/20200602_115548/todoapp/20200602_115548"/>
         <property name="logFiles" value="/Users/yiklongchui/Katalon Studio/todoapp/Reports/20200602_115548/todoapp/20200602_115548/execution0.log"/>
         <property name="attachments" value=""/>
         <property name="hostName" value="yiklongchui - 10.192.2.23"/>
         <property name="os" value="Mac OS X 64bit"/>
         <property name="katalonVersion" value="7.2.6.1"/>
         <property name="browser" value="Chrome 83.0.4103.61"/>
         <property name="hostAddress" value="10.192.2.23"/>
         <property name="sessionId" value="17d55dc6485fd20e04e998928cbfc14a"/>
         <property name="seleniumVersion" value="3.141.59"/>
         <property name="proxyInformation" value="ProxyInformation{proxyOption=NO_PROXY, proxyServerType=HTTP, password=, proxyServerAddress=, proxyServerPort=0, executionList=}"/>
         <property name="platform" value="Mac OS X"/>
      </properties>
      <testcase name="Test Cases/todoapp-test" time="14.064" classname="Test Cases/todoapp-test" status="PASSED">
         <system-out><![CDATA[2020-06-02 11:55:53 - [TEST_CASE][PASSED] - Test Cases/todoapp-test: Test Cases/todoapp-test

2020-06-02 11:55:54 - [TEST_STEP][PASSED] - openBrowser(""): Browser is opened with url: ''

2020-06-02 11:55:54 - [MESSAGE][INFO] - Starting 'Chrome' driver

2020-06-02 11:55:54 - [MESSAGE][INFO] - Action delay is set to 0 seconds

2020-06-02 11:55:58 - [MESSAGE][PASSED] - Browser is opened with url: ''

2020-06-02 11:55:58 - [TEST_STEP][PASSED] - navigateToUrl("http://a76b50877cf1c11e9af7c0a6a4a42d3b-1168106156.ap-southeast-1.elb.amazonaws.com:8085/"): Navigate to 'http://a76b50877cf1c11e9af7c0a6a4a42d3b-1168106156.ap-southeast-1.elb.amazonaws.com:8085/' successfully

2020-06-02 11:56:03 - [MESSAGE][PASSED] - Navigate to 'http://a76b50877cf1c11e9af7c0a6a4a42d3b-1168106156.ap-southeast-1.elb.amazonaws.com:8085/' successfully

2020-06-02 11:56:03 - [TEST_STEP][PASSED] - setText(findTestObject("Object Repository/Page_AngularFrontend/input_title"), "hello world"): Text 'hello world' is set on object 'Object Repository/Page_AngularFrontend/input_title'

2020-06-02 11:56:04 - [MESSAGE][PASSED] - Text 'hello world' is set on object 'Object Repository/Page_AngularFrontend/input_title'

2020-06-02 11:56:04 - [TEST_STEP][PASSED] - sendKeys(findTestObject("Object Repository/Page_AngularFrontend/input_title"), Keys.chord(ENTER)): Keys 'ENTER + ' sent to object: 'Object Repository/Page_AngularFrontend/input_title'

2020-06-02 11:56:04 - [MESSAGE][PASSED] - Keys 'ENTER + ' sent to object: 'Object Repository/Page_AngularFrontend/input_title'

2020-06-02 11:56:04 - [TEST_STEP][PASSED] - click(findTestObject("Object Repository/Page_AngularFrontend/click_tick")): Object: 'Object Repository/Page_AngularFrontend/click_tick' is clicked on

2020-06-02 11:56:05 - [MESSAGE][PASSED] - Object: 'Object Repository/Page_AngularFrontend/click_tick' is clicked on

2020-06-02 11:56:05 - [TEST_STEP][PASSED] - click(findTestObject("Object Repository/Page_AngularFrontend/click_edit")): Object: 'Object Repository/Page_AngularFrontend/click_edit' is clicked on

2020-06-02 11:56:05 - [MESSAGE][PASSED] - Object: 'Object Repository/Page_AngularFrontend/click_edit' is clicked on

2020-06-02 11:56:05 - [TEST_STEP][PASSED] - setText(findTestObject("Object Repository/Page_AngularFrontend/input_edit"), "hello world 123"): Text 'hello world 123' is set on object 'Object Repository/Page_AngularFrontend/input_edit'

2020-06-02 11:56:06 - [MESSAGE][PASSED] - Text 'hello world 123' is set on object 'Object Repository/Page_AngularFrontend/input_edit'

2020-06-02 11:56:06 - [TEST_STEP][PASSED] - click(findTestObject("Object Repository/Page_AngularFrontend/click_done")): Object: 'Object Repository/Page_AngularFrontend/click_done' is clicked on

2020-06-02 11:56:06 - [MESSAGE][PASSED] - Object: 'Object Repository/Page_AngularFrontend/click_done' is clicked on

2020-06-02 11:56:06 - [TEST_STEP][PASSED] - click(findTestObject("Object Repository/Page_AngularFrontend/click_undo_tick")): Object: 'Object Repository/Page_AngularFrontend/click_undo_tick' is clicked on

2020-06-02 11:56:07 - [MESSAGE][PASSED] - Object: 'Object Repository/Page_AngularFrontend/click_undo_tick' is clicked on

2020-06-02 11:56:07 - [TEST_STEP][PASSED] - closeBrowser(): Browser is closed

2020-06-02 11:56:07 - [MESSAGE][PASSED] - Browser is closed]]></system-out>
         <system-err><![CDATA[]]></system-err>
      </testcase>
      <system-out><![CDATA[2020-06-02 11:55:52 - [TEST_SUITE][PASSED] - todoapp: Test Cases/todoapp-test]]></system-out>
      <system-err><![CDATA[]]></system-err>
   </testsuite>
</testsuites>
